Build started 12/11/2017 4:06:25 PM.
     1>Project "G:\adfalvarado\School\Fall 2017\CoSci 440\C++ FINAL\C++ FINAL\C++ FINAL.vcxproj" on node 2 (build target(s)).
     1>InitializeBuildStatus:
         Touching "Debug\C++ FINAL.unsuccessfulbuild".
       GenerateTargetFrameworkMonikerAttribute:
       Skipping target "GenerateTargetFrameworkMonikerAttribute" because all output files are up-to-date with respect to the input files.
       ClCompile:
         All outputs are up-to-date.
         C:\Program Files (x86)\Microsoft Visual Studio 10.0\VC\bin\CL.exe /c /AI"C:\Program Files (x86)\Reference Assemblies\Microsoft\Framework\.NETFramework\v4.0" /Zi /clr /nologo /W3 /WX- /Od /Oy- /D WIN32 /D _DEBUG /D _UNICODE /D UNICODE /EHa /MDd /GS /fp:precise /Zc:wchar_t /Zc:forScope /Yu"StdAfx.h" /Fp"Debug\C++ FINAL.pch" /Fo"Debug\\" /Fd"Debug\vc100.pdb" /TP /FU"C:\Program Files (x86)\Reference Assemblies\Microsoft\Framework\.NETFramework\v4.0\System.Core.dll" /FU"C:\Program Files (x86)\Reference Assemblies\Microsoft\Framework\.NETFramework\v4.0\System.Data.dll" /FU"C:\Program Files (x86)\Reference Assemblies\Microsoft\Framework\.NETFramework\v4.0\System.dll" /FU"C:\Program Files (x86)\Reference Assemblies\Microsoft\Framework\.NETFramework\v4.0\System.Xml.dll" /analyze- /errorReport:prompt "C++ FINAL.cpp" /clr:nostdlib 
         C++ FINAL.cpp
         All outputs are up-to-date.
       ResourceCompile:
         C:\Program Files (x86)\Microsoft SDKs\Windows\v7.0A\bin\rc.exe /D _UNICODE /D UNICODE /l"0x0409" /nologo /fo"Debug\app.res" app.rc 
       Link:
         C:\Program Files (x86)\Microsoft Visual Studio 10.0\VC\bin\link.exe /ERRORREPORT:PROMPT /OUT:"G:\adfalvarado\School\Fall 2017\CoSci 440\C++ FINAL\Debug\C++ FINAL.exe" /INCREMENTAL /NOLOGO /MANIFEST /ManifestFile:"Debug\C++ FINAL.exe.intermediate.manifest" /MANIFESTUAC:"level='asInvoker' uiAccess='false'" /DEBUG /PDB:"G:\adfalvarado\School\Fall 2017\CoSci 440\C++ FINAL\Debug\C++ FINAL.pdb" /ASSEMBLYDEBUG /TLBID:1 /DYNAMICBASE /FIXED:NO /NXCOMPAT /MACHINE:X86 Debug\app.res
         Debug\AssemblyInfo.obj
         "Debug\C++ FINAL.obj"
         Debug\stdafx.obj
         "Debug\.NETFramework,Version=v4.0.AssemblyAttributes.obj"
     1>C++ FINAL.obj : fatal error LNK1215: metadata operation failed (80131192) :
     1>Done Building Project "G:\adfalvarado\School\Fall 2017\CoSci 440\C++ FINAL\C++ FINAL\C++ FINAL.vcxproj" (build target(s)) -- FAILED.

Build FAILED.

Time Elapsed 00:00:01.52
